/tools/Cadence/XCELIUM1903/tools.lnx86/inca/bin/xmsim
Obtained 22 stack frames.
/tools/Cadence/XCELIUM1903/tools.lnx86/inca/bin/../../lib/libcbreakpad.so(_Z13use_backtracev+0xa1) [0xf7a9f0fd]
/tools/Cadence/XCELIUM1903/tools.lnx86/inca/bin/../../lib/libcbreakpad.so(cbpad_generate_dump_on_demand+0x84) [0xf7a9f474]
xmsim() [0x90ab3e5]
xmsim(serror+0x1a) [0x90ac7aa]
xmsim() [0x909326e]
linux-gate.so.1(__kernel_sigreturn+0) [0xf7fc9e10]
xmsim() [0x80eceb8]
xmsim() [0x90926b2]
xmsim() [0x90931f9]
linux-gate.so.1(__kernel_sigreturn+0) [0xf7fc9e10]
linux-gate.so.1(__kernel_vsyscall+0x9) [0xf7fc9df9]
/lib/i386-linux-gnu/libc.so.6(nanosleep+0x23) [0xf7b9b273]
/lib/i386-linux-gnu/libc.so.6(sleep+0x75) [0xf7b9b175]
/tools/Cadence/XCELIUM1903/tools/lib/libdcapi.so(+0x19f8d) [0xf757ff8d]
/tools/Cadence/XCELIUM1903/tools/lib/libdcapi.so(dcOfferService+0x35b) [0xf757eb9b]
/tools/Cadence/XCELIUM1903/tools/lib/libStrapNC.so(Strap_Init+0x299) [0xf73d9bf9]
xmsim() [0x84c282a]
xmsim() [0x80e5e18]
xmsim(ncmain+0x96) [0x80de4d8]
xmsim(main+0x24) [0x97402c4]
/lib/i386-linux-gnu/libc.so.6(__libc_start_main+0xf1) [0xf7af4fa1]
xmsim() [0x807d121]
