xmverilog: 19.03-s009: (c) Copyright 1995-2019 Cadence Design Systems, Inc.
TOOL:	xmverilog	19.03-s009: Started on May 07, 2024 at 15:44:42 KST
ncverilog
	-clean
	-c
	keyExpansion.v
xmverilog: *W,NCEXDEP: Executable (ncverilog) is deprecated. Use (xmverilog) instead.
xmverilog: *N,CLEAN: Removing existing directory ./xcelium.d.
file: keyExpansion.v
	module worklib.keyExpansion:v
		errors: 0, warnings: 0
		Caching library 'worklib' ....... Done
	Elaborating the design hierarchy:
	Building instance overlay tables: .................... Done
	Generating native compiled code:
		worklib.keyExpansion:v <0x775d32c3>
			streams:   5, words:  7568
	Building instance specific data structures.
	Loading native compiled code:     .................... Done
	Design hierarchy summary:
		          Instances  Unique
		Modules:          1       1
		Registers:       16      16
		Vectored wires:   1       -
		Always blocks:    1       1
	Writing initial simulation snapshot: worklib.keyExpansion:v
TOOL:	xmverilog	19.03-s009: Exiting on May 07, 2024 at 15:44:43 KST  (total: 00:00:01)
